<?xml version="1.0" encoding="UTF-8"?>
<!-- Generated by org.testng.reporters.JUnitReportReporter -->
<testsuite skipped="0" hostname="DESKTOP-H3O127Q" name="testCases.LoginTest" tests="2" failures="0" timestamp="01 Apr 2019 11:13:44 GMT" time="0.029" errors="0">
  <testcase name="Login" time="0.020" classname="testCases.LoginTest"/>
  <testcase name="register" time="0.009" classname="testCases.LoginTest"/>
</testsuite> <!-- testCases.LoginTest -->
